<?xml version="1.0" encoding="UTF-8"?>
<!-- Generated by org.testng.reporters.JUnitXMLReporter -->
<testsuite hostname="PC380535" ignored="0" name="OutpatientRegistration Test" tests="1" failures="1" timestamp="19 Sep 2017 16:15:42 GMT" time="4.064" errors="0">
  <testcase name="OutpatientRegistration" time="4.02" classname="com.mckesson.suite.OutpatientRegistration.OutpatientRegistrationTest">
    <failure type="java.lang.NoClassDefFoundError" message="com/mckesson/util/ErrorUtil">
      <![CDATA[java.lang.NoClassDefFoundError: com/mckesson/util/ErrorUtil
	at com.mckesson.listener.TestsListenerAdapter.afterInvocation(TestsListenerAdapter.java:21)
... Removed 24 stack frames]]>
    </failure>
  </testcase> <!-- OutpatientRegistration -->
</testsuite> <!-- OutpatientRegistration Test -->
