<?xml version="1.0" encoding="UTF-8"?>
<testng-results skipped="0" failed="1" ignored="0" total="1" passed="0">
  <reporter-output>
  </reporter-output>
  <suite name="My suite" duration-ms="0" started-at="2018-02-26T16:11:55Z" finished-at="2018-02-26T16:11:55Z">
    <groups>
    </groups>
  </suite> <!-- My suite -->
  <suite name="SiliqPrescriberEnrollment" duration-ms="63643" started-at="2018-02-26T16:10:51Z" finished-at="2018-02-26T16:11:55Z">
    <groups>
    </groups>
    <test name="SiliqInpatPharEnrollment Test" duration-ms="63643" started-at="2018-02-26T16:10:51Z" finished-at="2018-02-26T16:11:55Z">
      <class name="com.mckesson.suite.SiliqOutpatPharEnrollment.OutpatPharmEnrollmentTest">
        <test-method status="PASS" signature="checkSuiteSkip()[pri:0, instance:com.mckesson.suite.SiliqOutpatPharEnrollment.OutpatPharmEnrollmentTest@42e26948]" name="checkSuiteSkip" is-config="true" duration-ms="833" started-at="2018-02-26T09:10:50Z" finished-at="2018-02-26T09:10:51Z">
          <reporter-output>
          </reporter-output>
        </test-method> <!-- checkSuiteSkip -->
        <test-method status="PASS" signature="checkTestSkip()[pri:0, instance:com.mckesson.suite.SiliqOutpatPharEnrollment.OutpatPharmEnrollmentTest@42e26948]" name="checkTestSkip" is-config="true" duration-ms="2" started-at="2018-02-26T09:10:51Z" finished-at="2018-02-26T09:10:51Z">
          <reporter-output>
          </reporter-output>
        </test-method> <!-- checkTestSkip -->
        <test-method status="FAIL" signature="testRegistration(java.lang.String, java.lang.String, java.lang.String, java.lang.String, java.lang.String, java.lang.String, java.lang.String, java.lang.String, java.lang.String, java.lang.String, java.lang.String, java.lang.String, java.lang.String, java.lang.String, java.lang.String, java.lang.String, java.lang.String, java.lang.String, java.lang.String, java.lang.String, java.lang.String, java.lang.String, java.lang.String, java.lang.String)[pri:0, instance:com.mckesson.suite.SiliqOutpatPharEnrollment.OutpatPharmEnrollmentTest@42e26948]" name="testRegistration" duration-ms="63076" started-at="2018-02-26T09:10:51Z" data-provider="getTestDatasiliq" finished-at="2018-02-26T09:11:54Z">
          <params>
            <param index="0">
              <value>
                <![CDATA[85032]]>
              </value>
            </param>
            <param index="1">
              <value>
                <![CDATA[7852091456]]>
              </value>
            </param>
            <param index="2">
              <value>
                <![CDATA[Selva]]>
              </value>
            </param>
            <param index="3">
              <value>
                <![CDATA[Raj]]>
              </value>
            </param>
            <param index="4">
              <value>
                <![CDATA[raj@gmail.com]]>
              </value>
            </param>
            <param index="5">
              <value>
                <![CDATA[raj@gmail.com]]>
              </value>
            </param>
            <param index="6">
              <value>
                <![CDATA[Remsuser130]]>
              </value>
            </param>
            <param index="7">
              <value>
                <![CDATA[Password1]]>
              </value>
            </param>
            <param index="8">
              <value>
                <![CDATA[Password1]]>
              </value>
            </param>
            <param index="9">
              <value>
                <![CDATA[9898984323]]>
              </value>
            </param>
            <param index="10">
              <value>
                <![CDATA[Email]]>
              </value>
            </param>
            <param index="11">
              <value>
                <![CDATA[1275532509]]>
              </value>
            </param>
            <param index="12">
              <value>
                <![CDATA[AJ4629258]]>
              </value>
            </param>
            <param index="13">
              <value>
                <![CDATA[4586648]]>
              </value>
            </param>
            <param index="14">
              <value>
                <![CDATA[test center]]>
              </value>
            </param>
            <param index="15">
              <value>
                <![CDATA[2333222456]]>
              </value>
            </param>
            <param index="16">
              <value>
                <![CDATA[4343 NScottsdale Drs]]>
              </value>
            </param>
            <param index="17">
              <value>
                <![CDATA[Arizona]]>
              </value>
            </param>
            <param index="18">
              <value>
                <![CDATA[77026]]>
              </value>
            </param>
            <param index="19">
              <value>
                <![CDATA[DARRELL51 MEEKS]]>
              </value>
            </param>
            <param index="20">
              <value>
                <![CDATA[12/10/2013]]>
              </value>
            </param>
            <param index="21">
              <value>
                <![CDATA[Arunni Kumar]]>
              </value>
            </param>
            <param index="22">
              <value>
                <![CDATA[ABCDEFGH]]>
              </value>
            </param>
            <param index="23">
              <value>
                <![CDATA[Outpatient Pharmacy]]>
              </value>
            </param>
          </params>
          <exception class="org.openqa.selenium.WebDriverException">
            <message>
              <![CDATA[chrome not reachable
  (Driver info: chromedriver=2.32.498550 (9dec58e66c31bcc53a9ce3c7226f0c1c5810906a),platform=Windows NT 10.0.14393 x86_64) (WARNING: The server did not provide any stacktrace information)
Command duration or timeout: 61.93 seconds
Build info: version: '3.5.3', revision: 'a88d25fe6b', time: '2017-08-29T12:54:15.039Z'
System info: host: 'PC380535', ip: '172.17.131.201', os.name: 'Windows 10', os.arch: 'amd64', os.version: '10.0', java.version: '1.8.0_141'
Driver info: driver.version: ChromeDriver]]>
            </message>
            <full-stacktrace>
              <![CDATA[org.openqa.selenium.WebDriverException: chrome not reachable
  (Driver info: chromedriver=2.32.498550 (9dec58e66c31bcc53a9ce3c7226f0c1c5810906a),platform=Windows NT 10.0.14393 x86_64) (WARNING: The server did not provide any stacktrace information)
Command duration or timeout: 61.93 seconds
Build info: version: '3.5.3', revision: 'a88d25fe6b', time: '2017-08-29T12:54:15.039Z'
System info: host: 'PC380535', ip: '172.17.131.201', os.name: 'Windows 10', os.arch: 'amd64', os.version: '10.0', java.version: '1.8.0_141'
Driver info: driver.version: ChromeDriver
	at sun.reflect.NativeConstructorAccessorImpl.newInstance0(Native Method)
	at sun.reflect.NativeConstructorAccessorImpl.newInstance(Unknown Source)
	at sun.reflect.DelegatingConstructorAccessorImpl.newInstance(Unknown Source)
	at java.lang.reflect.Constructor.newInstance(Unknown Source)
	at org.openqa.selenium.remote.ErrorHandler.createThrowable(ErrorHandler.java:215)
	at org.openqa.selenium.remote.ErrorHandler.throwIfResponseFailed(ErrorHandler.java:167)
	at org.openqa.selenium.remote.JsonWireProtocolResponse.lambda$new$0(JsonWireProtocolResponse.java:53)
	at org.openqa.selenium.remote.JsonWireProtocolResponse.lambda$getResponseFunction$2(JsonWireProtocolResponse.java:91)
	at org.openqa.selenium.remote.ProtocolHandshake.lambda$createSession$24(ProtocolHandshake.java:359)
	at java.util.stream.ReferencePipeline$3$1.accept(Unknown Source)
	at java.util.Spliterators$ArraySpliterator.tryAdvance(Unknown Source)
	at java.util.stream.ReferencePipeline.forEachWithCancel(Unknown Source)
	at java.util.stream.AbstractPipeline.copyIntoWithCancel(Unknown Source)
	at java.util.stream.AbstractPipeline.copyInto(Unknown Source)
	at java.util.stream.AbstractPipeline.wrapAndCopyInto(Unknown Source)
	at java.util.stream.FindOps$FindOp.evaluateSequential(Unknown Source)
	at java.util.stream.AbstractPipeline.evaluate(Unknown Source)
	at java.util.stream.ReferencePipeline.findFirst(Unknown Source)
	at org.openqa.selenium.remote.ProtocolHandshake.createSession(ProtocolHandshake.java:362)
	at org.openqa.selenium.remote.ProtocolHandshake.createSession(ProtocolHandshake.java:136)
	at org.openqa.selenium.remote.HttpCommandExecutor.execute(HttpCommandExecutor.java:142)
	at org.openqa.selenium.remote.service.DriverCommandExecutor.execute(DriverCommandExecutor.java:82)
	at org.openqa.selenium.remote.RemoteWebDriver.execute(RemoteWebDriver.java:646)
	at org.openqa.selenium.remote.RemoteWebDriver.startSession(RemoteWebDriver.java:255)
	at org.openqa.selenium.remote.RemoteWebDriver.startSession(RemoteWebDriver.java:237)
	at org.openqa.selenium.remote.RemoteWebDriver.<init>(RemoteWebDriver.java:138)
	at org.openqa.selenium.chrome.ChromeDriver.<init>(ChromeDriver.java:178)
	at org.openqa.selenium.chrome.ChromeDriver.<init>(ChromeDriver.java:167)
	at org.openqa.selenium.chrome.ChromeDriver.<init>(ChromeDriver.java:124)
	at com.mckesson.base.TestBase.openBrowser(TestBase.java:114)
	at com.mckesson.suite.SiliqOutpatPharEnrollment.OutpatPharmEnrollmentTest.testRegistration(OutpatPharmEnrollmentTest.java:57)
	at sun.reflect.NativeMethodAccessorImpl.invoke0(Native Method)
	at sun.reflect.NativeMethodAccessorImpl.invoke(Unknown Source)
	at sun.reflect.DelegatingMethodAccessorImpl.invoke(Unknown Source)
	at java.lang.reflect.Method.invoke(Unknown Source)
	at org.testng.internal.MethodInvocationHelper.invokeMethod(MethodInvocationHelper.java:108)
	at org.testng.internal.Invoker.invokeMethod(Invoker.java:669)
	at org.testng.internal.Invoker.invokeTestMethod(Invoker.java:877)
	at org.testng.internal.Invoker.invokeTestMethods(Invoker.java:1201)
	at org.testng.internal.TestMethodWorker.invokeTestMethods(TestMethodWorker.java:125)
	at org.testng.internal.TestMethodWorker.run(TestMethodWorker.java:109)
	at org.testng.TestRunner.privateRun(TestRunner.java:776)
	at org.testng.TestRunner.run(TestRunner.java:634)
	at org.testng.SuiteRunner.runTest(SuiteRunner.java:425)
	at org.testng.SuiteRunner.runSequentially(SuiteRunner.java:420)
	at org.testng.SuiteRunner.privateRun(SuiteRunner.java:385)
	at org.testng.SuiteRunner.run(SuiteRunner.java:334)
	at org.testng.SuiteRunnerWorker.runSuite(SuiteRunnerWorker.java:52)
	at org.testng.SuiteRunnerWorker.run(SuiteRunnerWorker.java:86)
	at org.testng.TestNG.runSuitesSequentially(TestNG.java:1318)
	at org.testng.TestNG.runSuitesSequentially(TestNG.java:1314)
	at org.testng.TestNG.runSuitesLocally(TestNG.java:1243)
	at org.testng.TestNG.runSuites(TestNG.java:1161)
	at org.testng.TestNG.run(TestNG.java:1129)
	at org.testng.remote.AbstractRemoteTestNG.run(AbstractRemoteTestNG.java:114)
	at org.testng.remote.RemoteTestNG.initAndRun(RemoteTestNG.java:251)
	at org.testng.remote.RemoteTestNG.main(RemoteTestNG.java:77)
]]>
            </full-stacktrace>
          </exception> <!-- org.openqa.selenium.WebDriverException -->
          <reporter-output>
          </reporter-output>
        </test-method> <!-- testRegistration -->
        <test-method status="PASS" signature="getTestDatasiliq()[pri:0, instance:com.mckesson.suite.SiliqOutpatPharEnrollment.OutpatPharmEnrollmentTest@42e26948]" name="getTestDatasiliq" is-config="true" duration-ms="1" started-at="2018-02-26T09:11:54Z" finished-at="2018-02-26T09:11:54Z">
          <reporter-output>
          </reporter-output>
        </test-method> <!-- getTestDatasiliq -->
        <test-method status="PASS" signature="reportDataSetResult()[pri:0, instance:com.mckesson.suite.SiliqOutpatPharEnrollment.OutpatPharmEnrollmentTest@42e26948]" name="reportDataSetResult" is-config="true" duration-ms="49" started-at="2018-02-26T09:11:54Z" finished-at="2018-02-26T09:11:54Z">
          <reporter-output>
          </reporter-output>
        </test-method> <!-- reportDataSetResult -->
        <test-method status="PASS" signature="reportTestResult()[pri:0, instance:com.mckesson.suite.SiliqOutpatPharEnrollment.OutpatPharmEnrollmentTest@42e26948]" name="reportTestResult" is-config="true" duration-ms="483" started-at="2018-02-26T09:11:54Z" finished-at="2018-02-26T09:11:55Z">
          <reporter-output>
          </reporter-output>
        </test-method> <!-- reportTestResult -->
      </class> <!-- com.mckesson.suite.SiliqOutpatPharEnrollment.OutpatPharmEnrollmentTest -->
    </test> <!-- SiliqInpatPharEnrollment Test -->
  </suite> <!-- SiliqPrescriberEnrollment -->
</testng-results>
