<html xmlns:math="http://exslt.org/math" xmlns:testng="http://testng.org">
   <head>
      <title>TestNG Results</title>
      <meta http-equiv="content-type" content="text/html; charset=utf-8"></meta>
      <meta http-equiv="pragma" content="no-cache"></meta>
      <meta http-equiv="cache-control" content="max-age=0"></meta>
      <meta http-equiv="cache-control" content="no-cache"></meta>
      <meta http-equiv="cache-control" content="no-store"></meta>
      <LINK rel="stylesheet" href="style.css"></LINK>
      <script type="text/javascript" src="main.js"></script>
   </head>
   <body>
      <table width="100%" style="font-size: 16px; margin-bottom: 10px;" cellspacing="1">
         <tr>
            <td width="100%">
               All methods in suite
               
               <b>PrescriberRegistration</b>
            </td>
            <td style="background-color: #FFBBBB; padding: 3px 3px 3px 0;" align="center">
               <div style="width: 50px;">1</div>
            </td>
            <td style="background-color: lightgreen; padding: 3px 3px 3px 0;" align="center">
               <div style="width: 50px;">0</div>
            </td>
            <td style="background-color: #FFFFBB; padding: 3px 3px 3px 0;" align="center">
               <div style="width: 50px;">0</div>
            </td>
            <td align="center" style="background-color: #eaf0f7; padding: 3px 3px 3px 0;">
               <div style="width: 50px;">1</div>
            </td>
            <td align="center"
                style="font-weight: bold; background-color: #eaf0f7; padding: 3px 3px 3px 0;">
               <div style="width: 50px;">0%</div>
            </td>
            <td style="background-color: #eaf0f7; padding: 3px 3px 3px 0;" align="center"
                nowrap="true">47s
               
            </td>
         </tr>
      </table>
      <div style="width: 200px;">
         <label for="groupMethodsCheckBox" style="font-weight: bold; margin: 0;">
            <input id="groupMethodsCheckBox" type="checkbox" onclick="switchTestMethodsView(this)"></input>
            Group by class
            
         </label>
         <br></br>
         <label for="methodsFilter_ALL" style="font-weight: bold; margin: 0;">
            <input id="methodsFilter_ALL" type="checkbox"
                   onclick="testMethodsFilterChanged(this, 'ALL')"></input>
            All
            
         </label>
      </div>
      <label for="methodsFilter_FAIL" style="margin-left: 20px;">
         <input id="methodsFilter_FAIL" type="checkbox"
                onclick="testMethodsFilterChanged(this, 'FAIL')"
                checked=""></input>
         Failed
         
      </label>
      <label for="methodsFilter_PASS">
         <input id="methodsFilter_PASS" type="checkbox"
                onclick="testMethodsFilterChanged(this, 'PASS')"
                checked=""></input>
         Passed
         
      </label>
      <label for="methodsFilter_SKIP">
         <input id="methodsFilter_SKIP" type="checkbox"
                onclick="testMethodsFilterChanged(this, 'SKIP')"
                checked=""></input>
         Skipped
         
      </label>
      <label for="methodsFilter_CONF">
         <input id="methodsFilter_CONF" type="checkbox"
                onclick="testMethodsFilterChanged(this, 'CONF')"></input>
         Config
         
      </label>
      <br></br>
      <div id="testMethodsByStatus">
         <table class="testMethodsTable" cellpadding="0" cellspacing="0">
            <tr class="methodsTableHeader">
               <td width="100%">Name</td>
               <td nowrap="true">Started</td>
               <td nowrap="true">Duration</td>
               <td>Exception</td>
            </tr>
            <tr id="com.mckesson.suite.PrescriberRegistration.PrescriberRegistrationTest_testRegistration_byStatus_failed_FAIL1_row"
                class="testMethodStatusFAIL">
               <td width="100%" class="firstMethodCell">
                  <a onclick="toggleDetailsVisibility('com.mckesson.suite.PrescriberRegistration.PrescriberRegistrationTest_testRegistration_byStatus_failed_FAIL1_details')">testRegistration(LLEWELLYN1
                     
                     ,
                     
                     SAMPLE
                     
                     ,
                     
                     llewellyn.sample@MC.COM
                     
                     ,
                     
                     LLEWELLYN.SAMPLE508#
                     
                     ,
                     
                     LLEWELLYN.SAMPLE408#
                     
                     ,
                     
                     LLEWELLYN.SAMPLE408#
                     
                     ,
                     
                     4155556666
                     
                     ,
                     
                     1306969514
                     
                     ,
                     
                     BS6456203
                     
                     ,
                     
                     4668
                     
                     ,
                     
                     test center
                     
                     ,
                     
                     4155557777
                     
                     ,
                     
                     4343 NScottsdale Rd
                     
                     ,
                     
                     Arizona
                     
                     ,
                     
                     85251)
                  </a>
               </td>
               <td nowrap="true">15:56:17</td>
               <td nowrap="true" align="right">47s
                  
               </td>
               <td nowrap="true">
                  <a onclick="toggleDetailsVisibility('com.mckesson.suite.PrescriberRegistration.PrescriberRegistrationTest_testRegistration_byStatus_failed_FAIL1_exception')">org.openqa.selenium.WebDriverException: 
                     Unable to bind to locking port 7054 within 45000 ms
                     Build info: version: '2.11.0', revision: '14431', time: '2011-10-28 16:28:32'
                     System info: os.name: 'Windows 7', os.arch: 'amd64', os.version: '6.1', java.version: '1.6.0_35'
                     Driver info: driver.version: FirefoxDriver
                     
                  </a>
                   
                  
               </td>
            </tr>
            <tr>
               <td colspan="4" class="detailsBox">
                  <div id="com.mckesson.suite.PrescriberRegistration.PrescriberRegistrationTest_testRegistration_byStatus_failed_FAIL1_details"
                       class="testMethodDetails">
                     <div>
                        <b>Name: </b>testRegistration
                     </div>
                     <div>
                        <b>Signature: </b>testRegistration(java.lang.String, java.lang.String, java.lang.String, java.lang.String, java.lang.String, java.lang.String,
                        java.lang.String, java.lang.String, java.lang.String, java.lang.String, java.lang.String, java.lang.String, java.lang.String,
                        java.lang.String, java.lang.String)
                     </div>
                     <div>
                        <b>Parameters: </b>
                        
                        LLEWELLYN1
                        
                        ,
                        
                        SAMPLE
                        
                        ,
                        
                        llewellyn.sample@MC.COM
                        
                        ,
                        
                        LLEWELLYN.SAMPLE508#
                        
                        ,
                        
                        LLEWELLYN.SAMPLE408#
                        
                        ,
                        
                        LLEWELLYN.SAMPLE408#
                        
                        ,
                        
                        4155556666
                        
                        ,
                        
                        1306969514
                        
                        ,
                        
                        BS6456203
                        
                        ,
                        
                        4668
                        
                        ,
                        
                        test center
                        
                        ,
                        
                        4155557777
                        
                        ,
                        
                        4343 NScottsdale Rd
                        
                        ,
                        
                        Arizona
                        
                        ,
                        
                        85251
                        
                        
                     </div>
                     <div>
                        <b>Start time: </b>15:56:17
                     </div>
                     <div>
                        <b>End time: </b>15:57:04
                     </div>
                     <div>
                        <b>Duration: </b>47s
                        
                     </div>
                  </div>
               </td>
            </tr>
            <tr>
               <td colspan="4" class="detailsBox">
                  <div id="com.mckesson.suite.PrescriberRegistration.PrescriberRegistrationTest_testRegistration_byStatus_failed_FAIL1_exception"
                       class="testMethodDetails">
                     <pre style="padding: 5px; margin: 0;">org.openqa.selenium.WebDriverException: Unable to bind to locking port 7054 within 45000 ms
                        Build info: version: '2.11.0', revision: '14431', time: '2011-10-28 16:28:32'
                        System info: os.name: 'Windows 7', os.arch: 'amd64', os.version: '6.1', java.version: '1.6.0_35'
                        Driver info: driver.version: FirefoxDriver
                        	at org.openqa.selenium.internal.SocketLock.lock(SocketLock.java:95)
                        	at org.openqa.selenium.firefox.internal.NewProfileExtensionConnection.start(NewProfileExtensionConnection.java:69)
                        	at org.openqa.selenium.firefox.FirefoxDriver.startClient(FirefoxDriver.java:149)
                        	at org.openqa.selenium.remote.RemoteWebDriver.&lt;init&gt;(RemoteWebDriver.java:75)
                        	at org.openqa.selenium.firefox.FirefoxDriver.&lt;init&gt;(FirefoxDriver.java:128)
                        	at com.mckesson.base.TestBase.openBrowser(TestBase.java:100)
                        	at com.mckesson.suite.PrescriberRegistration.PrescriberRegistrationTest.testRegistration(PrescriberRegistrationTest.java:51)
                        	at sun.reflect.NativeMethodAccessorImpl.invoke0(Native Method)
                        	at sun.reflect.NativeMethodAccessorImpl.invoke(Unknown Source)
                        	at sun.reflect.DelegatingMethodAccessorImpl.invoke(Unknown Source)
                        	at java.lang.reflect.Method.invoke(Unknown Source)
                        	at org.testng.internal.MethodInvocationHelper.invokeMethod(MethodInvocationHelper.java:76)
                        	at org.testng.internal.Invoker.invokeMethod(Invoker.java:673)
                        	at org.testng.internal.Invoker.invokeTestMethod(Invoker.java:846)
                        	at org.testng.internal.Invoker.invokeTestMethods(Invoker.java:1170)
                        	at org.testng.internal.TestMethodWorker.invokeTestMethods(TestMethodWorker.java:125)
                        	at org.testng.internal.TestMethodWorker.run(TestMethodWorker.java:109)
                        	at org.testng.TestRunner.runWorkers(TestRunner.java:1147)
                        	at org.testng.TestRunner.privateRun(TestRunner.java:749)
                        	at org.testng.TestRunner.run(TestRunner.java:600)
                        	at org.testng.SuiteRunner.runTest(SuiteRunner.java:317)
                        	at org.testng.SuiteRunner.runSequentially(SuiteRunner.java:312)
                        	at org.testng.SuiteRunner.privateRun(SuiteRunner.java:274)
                        	at org.testng.SuiteRunner.run(SuiteRunner.java:223)
                        	at org.testng.SuiteRunnerWorker.runSuite(SuiteRunnerWorker.java:52)
                        	at org.testng.SuiteRunnerWorker.run(SuiteRunnerWorker.java:86)
                        	at org.testng.TestNG.runSuitesSequentially(TestNG.java:1039)
                        	at org.testng.TestNG.runSuitesSequentially(TestNG.java:1035)
                        	at org.testng.TestNG.runSuitesLocally(TestNG.java:964)
                        	at org.testng.TestNG.run(TestNG.java:900)
                        	at org.testng.TestNG.privateMain(TestNG.java:1182)
                        	at org.testng.TestNG.main(TestNG.java:1146)
                     </pre>
                  </div>
               </td>
            </tr>
            <tr id="com.mckesson.suite.PrescriberRegistration.PrescriberRegistrationTest_isElementPresent_byStatus_failed_FAIL2_row"
                class="testMethodStatusFAIL testMethodStatusCONF">
               <td width="100%" class="firstMethodCell">
                  <a onclick="toggleDetailsVisibility('com.mckesson.suite.PrescriberRegistration.PrescriberRegistrationTest_isElementPresent_byStatus_failed_FAIL2_details')">isElementPresent()</a>
               </td>
               <td nowrap="true">15:57:04</td>
               <td nowrap="true" align="right">0 ms
                  
               </td>
               <td nowrap="true">
                  <a onclick="toggleDetailsVisibility('com.mckesson.suite.PrescriberRegistration.PrescriberRegistrationTest_isElementPresent_byStatus_failed_FAIL2_exception')">org.testng.TestNGException: 
                     
                     Method isElementPresent requires 1 parameters but 0 were supplied in the @Configuration annotation.
                     
                  </a>
                   
                  
               </td>
            </tr>
            <tr>
               <td colspan="4" class="detailsBox">
                  <div id="com.mckesson.suite.PrescriberRegistration.PrescriberRegistrationTest_isElementPresent_byStatus_failed_FAIL2_details"
                       class="testMethodDetails">
                     <div>
                        <b>Name: </b>isElementPresent
                     </div>
                     <div>
                        <b>Signature: </b>isElementPresent(org.openqa.selenium.By)
                     </div>
                     <div>
                        <b>Start time: </b>15:57:04
                     </div>
                     <div>
                        <b>End time: </b>15:57:04
                     </div>
                     <div>
                        <b>Duration: </b>0 ms
                        
                     </div>
                  </div>
               </td>
            </tr>
            <tr>
               <td colspan="4" class="detailsBox">
                  <div id="com.mckesson.suite.PrescriberRegistration.PrescriberRegistrationTest_isElementPresent_byStatus_failed_FAIL2_exception"
                       class="testMethodDetails">
                     <pre style="padding: 5px; margin: 0;">org.testng.TestNGException: 
                        Method isElementPresent requires 1 parameters but 0 were supplied in the @Configuration annotation.
                        	at org.testng.internal.Parameters.checkParameterTypes(Parameters.java:187)
                        	at org.testng.internal.Parameters.createParameters(Parameters.java:123)
                        	at org.testng.internal.Parameters.createParameters(Parameters.java:357)
                        	at org.testng.internal.Parameters.createConfigurationParameters(Parameters.java:78)
                        	at org.testng.internal.Invoker.invokeConfigurations(Invoker.java:190)
                        	at org.testng.internal.Invoker.invokeMethod(Invoker.java:757)
                        	at org.testng.internal.Invoker.invokeTestMethod(Invoker.java:846)
                        	at org.testng.internal.Invoker.invokeTestMethods(Invoker.java:1170)
                        	at org.testng.internal.TestMethodWorker.invokeTestMethods(TestMethodWorker.java:125)
                        	at org.testng.internal.TestMethodWorker.run(TestMethodWorker.java:109)
                        	at org.testng.TestRunner.runWorkers(TestRunner.java:1147)
                        	at org.testng.TestRunner.privateRun(TestRunner.java:749)
                        	at org.testng.TestRunner.run(TestRunner.java:600)
                        	at org.testng.SuiteRunner.runTest(SuiteRunner.java:317)
                        	at org.testng.SuiteRunner.runSequentially(SuiteRunner.java:312)
                        	at org.testng.SuiteRunner.privateRun(SuiteRunner.java:274)
                        	at org.testng.SuiteRunner.run(SuiteRunner.java:223)
                        	at org.testng.SuiteRunnerWorker.runSuite(SuiteRunnerWorker.java:52)
                        	at org.testng.SuiteRunnerWorker.run(SuiteRunnerWorker.java:86)
                        	at org.testng.TestNG.runSuitesSequentially(TestNG.java:1039)
                        	at org.testng.TestNG.runSuitesSequentially(TestNG.java:1035)
                        	at org.testng.TestNG.runSuitesLocally(TestNG.java:964)
                        	at org.testng.TestNG.run(TestNG.java:900)
                        	at org.testng.TestNG.privateMain(TestNG.java:1182)
                        	at org.testng.TestNG.main(TestNG.java:1146)
                     </pre>
                  </div>
               </td>
            </tr>
            <tr id="com.mckesson.suite.PrescriberRegistration.PrescriberRegistrationTest_checkSuiteSkip_byStatus_passed_PASS1_row"
                class="testMethodStatusPASS testMethodStatusCONF">
               <td width="100%" class="firstMethodCell">
                  <a onclick="toggleDetailsVisibility('com.mckesson.suite.PrescriberRegistration.PrescriberRegistrationTest_checkSuiteSkip_byStatus_passed_PASS1_details')">checkSuiteSkip()</a>
               </td>
               <td nowrap="true">15:56:17</td>
               <td nowrap="true" align="right">1 ms
                  
               </td>
               <td nowrap="true">
                   
                  
               </td>
            </tr>
            <tr>
               <td colspan="4" class="detailsBox">
                  <div id="com.mckesson.suite.PrescriberRegistration.PrescriberRegistrationTest_checkSuiteSkip_byStatus_passed_PASS1_details"
                       class="testMethodDetails">
                     <div>
                        <b>Name: </b>checkSuiteSkip
                     </div>
                     <div>
                        <b>Signature: </b>checkSuiteSkip()
                     </div>
                     <div>
                        <b>Start time: </b>15:56:17
                     </div>
                     <div>
                        <b>End time: </b>15:56:17
                     </div>
                     <div>
                        <b>Duration: </b>1 ms
                        
                     </div>
                  </div>
               </td>
            </tr>
            <tr></tr>
            <tr id="com.mckesson.suite.PrescriberRegistration.PrescriberRegistrationTest_checkTestSkip_byStatus_passed_PASS2_row"
                class="testMethodStatusPASS testMethodStatusCONF">
               <td width="100%" class="firstMethodCell">
                  <a onclick="toggleDetailsVisibility('com.mckesson.suite.PrescriberRegistration.PrescriberRegistrationTest_checkTestSkip_byStatus_passed_PASS2_details')">checkTestSkip()</a>
               </td>
               <td nowrap="true">15:56:17</td>
               <td nowrap="true" align="right">2 ms
                  
               </td>
               <td nowrap="true">
                   
                  
               </td>
            </tr>
            <tr>
               <td colspan="4" class="detailsBox">
                  <div id="com.mckesson.suite.PrescriberRegistration.PrescriberRegistrationTest_checkTestSkip_byStatus_passed_PASS2_details"
                       class="testMethodDetails">
                     <div>
                        <b>Name: </b>checkTestSkip
                     </div>
                     <div>
                        <b>Signature: </b>checkTestSkip()
                     </div>
                     <div>
                        <b>Start time: </b>15:56:17
                     </div>
                     <div>
                        <b>End time: </b>15:56:17
                     </div>
                     <div>
                        <b>Duration: </b>2 ms
                        
                     </div>
                  </div>
               </td>
            </tr>
            <tr></tr>
            <tr id="com.mckesson.suite.PrescriberRegistration.PrescriberRegistrationTest_reportTestResult_byStatus_skiped_SKIP1_row"
                class="testMethodStatusSKIP testMethodStatusCONF">
               <td width="100%" class="firstMethodCell">
                  <a onclick="toggleDetailsVisibility('com.mckesson.suite.PrescriberRegistration.PrescriberRegistrationTest_reportTestResult_byStatus_skiped_SKIP1_details')">reportTestResult()</a>
               </td>
               <td nowrap="true">15:57:04</td>
               <td nowrap="true" align="right">0 ms
                  
               </td>
               <td nowrap="true">
                   
                  
               </td>
            </tr>
            <tr>
               <td colspan="4" class="detailsBox">
                  <div id="com.mckesson.suite.PrescriberRegistration.PrescriberRegistrationTest_reportTestResult_byStatus_skiped_SKIP1_details"
                       class="testMethodDetails">
                     <div>
                        <b>Name: </b>reportTestResult
                     </div>
                     <div>
                        <b>Signature: </b>reportTestResult()
                     </div>
                     <div>
                        <b>Start time: </b>15:57:04
                     </div>
                     <div>
                        <b>End time: </b>15:57:04
                     </div>
                     <div>
                        <b>Duration: </b>0 ms
                        
                     </div>
                  </div>
               </td>
            </tr>
            <tr></tr>
            <tr id="com.mckesson.suite.PrescriberRegistration.PrescriberRegistrationTest_reportDataSetResult_byStatus_skiped_SKIP2_row"
                class="testMethodStatusSKIP testMethodStatusCONF">
               <td width="100%" class="firstMethodCell">
                  <a onclick="toggleDetailsVisibility('com.mckesson.suite.PrescriberRegistration.PrescriberRegistrationTest_reportDataSetResult_byStatus_skiped_SKIP2_details')">reportDataSetResult()</a>
               </td>
               <td nowrap="true">15:57:04</td>
               <td nowrap="true" align="right">0 ms
                  
               </td>
               <td nowrap="true">
                   
                  
               </td>
            </tr>
            <tr>
               <td colspan="4" class="detailsBox">
                  <div id="com.mckesson.suite.PrescriberRegistration.PrescriberRegistrationTest_reportDataSetResult_byStatus_skiped_SKIP2_details"
                       class="testMethodDetails">
                     <div>
                        <b>Name: </b>reportDataSetResult
                     </div>
                     <div>
                        <b>Signature: </b>reportDataSetResult()
                     </div>
                     <div>
                        <b>Start time: </b>15:57:04
                     </div>
                     <div>
                        <b>End time: </b>15:57:04
                     </div>
                     <div>
                        <b>Duration: </b>0 ms
                        
                     </div>
                  </div>
               </td>
            </tr>
            <tr></tr>
         </table>
      </div>
      <div id="testMethodsByClass" style="display: none;">
         <table class="testMethodsTable" cellpadding="0" cellspacing="0">
            <tr>
               <td colspan="4">
                  <h3 style="display: inline;">com.mckesson.suite.PrescriberRegistration.PrescriberRegistrationTest</h3>
               </td>
            </tr>
            <tr class="methodsTableHeader">
               <td width="100%">Name</td>
               <td nowrap="true">Started</td>
               <td nowrap="true">Duration</td>
               <td>Exception</td>
            </tr>
            <tr id="com.mckesson.suite.PrescriberRegistration.PrescriberRegistrationTest_checkSuiteSkip_byClass_PASS1_row"
                class="testMethodStatusPASS testMethodStatusCONF">
               <td width="100%" class="firstMethodCell">
                  <a onclick="toggleDetailsVisibility('com.mckesson.suite.PrescriberRegistration.PrescriberRegistrationTest_checkSuiteSkip_byClass_PASS1_details')">checkSuiteSkip()</a>
               </td>
               <td nowrap="true">15:56:17</td>
               <td nowrap="true" align="right">1 ms
                  
               </td>
               <td nowrap="true">
                   
                  
               </td>
            </tr>
            <tr>
               <td colspan="4" class="detailsBox">
                  <div id="com.mckesson.suite.PrescriberRegistration.PrescriberRegistrationTest_checkSuiteSkip_byClass_PASS1_details"
                       class="testMethodDetails">
                     <div>
                        <b>Name: </b>checkSuiteSkip
                     </div>
                     <div>
                        <b>Signature: </b>checkSuiteSkip()
                     </div>
                     <div>
                        <b>Start time: </b>15:56:17
                     </div>
                     <div>
                        <b>End time: </b>15:56:17
                     </div>
                     <div>
                        <b>Duration: </b>1 ms
                        
                     </div>
                  </div>
               </td>
            </tr>
            <tr></tr>
            <tr id="com.mckesson.suite.PrescriberRegistration.PrescriberRegistrationTest_checkTestSkip_byClass_PASS2_row"
                class="testMethodStatusPASS testMethodStatusCONF">
               <td width="100%" class="firstMethodCell">
                  <a onclick="toggleDetailsVisibility('com.mckesson.suite.PrescriberRegistration.PrescriberRegistrationTest_checkTestSkip_byClass_PASS2_details')">checkTestSkip()</a>
               </td>
               <td nowrap="true">15:56:17</td>
               <td nowrap="true" align="right">2 ms
                  
               </td>
               <td nowrap="true">
                   
                  
               </td>
            </tr>
            <tr>
               <td colspan="4" class="detailsBox">
                  <div id="com.mckesson.suite.PrescriberRegistration.PrescriberRegistrationTest_checkTestSkip_byClass_PASS2_details"
                       class="testMethodDetails">
                     <div>
                        <b>Name: </b>checkTestSkip
                     </div>
                     <div>
                        <b>Signature: </b>checkTestSkip()
                     </div>
                     <div>
                        <b>Start time: </b>15:56:17
                     </div>
                     <div>
                        <b>End time: </b>15:56:17
                     </div>
                     <div>
                        <b>Duration: </b>2 ms
                        
                     </div>
                  </div>
               </td>
            </tr>
            <tr></tr>
            <tr id="com.mckesson.suite.PrescriberRegistration.PrescriberRegistrationTest_testRegistration_byClass_FAIL3_row"
                class="testMethodStatusFAIL">
               <td width="100%" class="firstMethodCell">
                  <a onclick="toggleDetailsVisibility('com.mckesson.suite.PrescriberRegistration.PrescriberRegistrationTest_testRegistration_byClass_FAIL3_details')">testRegistration(LLEWELLYN1
                     
                     ,
                     
                     SAMPLE
                     
                     ,
                     
                     llewellyn.sample@MC.COM
                     
                     ,
                     
                     LLEWELLYN.SAMPLE508#
                     
                     ,
                     
                     LLEWELLYN.SAMPLE408#
                     
                     ,
                     
                     LLEWELLYN.SAMPLE408#
                     
                     ,
                     
                     4155556666
                     
                     ,
                     
                     1306969514
                     
                     ,
                     
                     BS6456203
                     
                     ,
                     
                     4668
                     
                     ,
                     
                     test center
                     
                     ,
                     
                     4155557777
                     
                     ,
                     
                     4343 NScottsdale Rd
                     
                     ,
                     
                     Arizona
                     
                     ,
                     
                     85251)
                  </a>
               </td>
               <td nowrap="true">15:56:17</td>
               <td nowrap="true" align="right">47s
                  
               </td>
               <td nowrap="true">
                  <a onclick="toggleDetailsVisibility('com.mckesson.suite.PrescriberRegistration.PrescriberRegistrationTest_testRegistration_byClass_FAIL3_exception')">org.openqa.selenium.WebDriverException: 
                     Unable to bind to locking port 7054 within 45000 ms
                     Build info: version: '2.11.0', revision: '14431', time: '2011-10-28 16:28:32'
                     System info: os.name: 'Windows 7', os.arch: 'amd64', os.version: '6.1', java.version: '1.6.0_35'
                     Driver info: driver.version: FirefoxDriver
                     
                  </a>
                   
                  
               </td>
            </tr>
            <tr>
               <td colspan="4" class="detailsBox">
                  <div id="com.mckesson.suite.PrescriberRegistration.PrescriberRegistrationTest_testRegistration_byClass_FAIL3_details"
                       class="testMethodDetails">
                     <div>
                        <b>Name: </b>testRegistration
                     </div>
                     <div>
                        <b>Signature: </b>testRegistration(java.lang.String, java.lang.String, java.lang.String, java.lang.String, java.lang.String, java.lang.String,
                        java.lang.String, java.lang.String, java.lang.String, java.lang.String, java.lang.String, java.lang.String, java.lang.String,
                        java.lang.String, java.lang.String)
                     </div>
                     <div>
                        <b>Parameters: </b>
                        
                        LLEWELLYN1
                        
                        ,
                        
                        SAMPLE
                        
                        ,
                        
                        llewellyn.sample@MC.COM
                        
                        ,
                        
                        LLEWELLYN.SAMPLE508#
                        
                        ,
                        
                        LLEWELLYN.SAMPLE408#
                        
                        ,
                        
                        LLEWELLYN.SAMPLE408#
                        
                        ,
                        
                        4155556666
                        
                        ,
                        
                        1306969514
                        
                        ,
                        
                        BS6456203
                        
                        ,
                        
                        4668
                        
                        ,
                        
                        test center
                        
                        ,
                        
                        4155557777
                        
                        ,
                        
                        4343 NScottsdale Rd
                        
                        ,
                        
                        Arizona
                        
                        ,
                        
                        85251
                        
                        
                     </div>
                     <div>
                        <b>Start time: </b>15:56:17
                     </div>
                     <div>
                        <b>End time: </b>15:57:04
                     </div>
                     <div>
                        <b>Duration: </b>47s
                        
                     </div>
                  </div>
               </td>
            </tr>
            <tr>
               <td colspan="4" class="detailsBox">
                  <div id="com.mckesson.suite.PrescriberRegistration.PrescriberRegistrationTest_testRegistration_byClass_FAIL3_exception"
                       class="testMethodDetails">
                     <pre style="padding: 5px; margin: 0;">org.openqa.selenium.WebDriverException: Unable to bind to locking port 7054 within 45000 ms
                        Build info: version: '2.11.0', revision: '14431', time: '2011-10-28 16:28:32'
                        System info: os.name: 'Windows 7', os.arch: 'amd64', os.version: '6.1', java.version: '1.6.0_35'
                        Driver info: driver.version: FirefoxDriver
                        	at org.openqa.selenium.internal.SocketLock.lock(SocketLock.java:95)
                        	at org.openqa.selenium.firefox.internal.NewProfileExtensionConnection.start(NewProfileExtensionConnection.java:69)
                        	at org.openqa.selenium.firefox.FirefoxDriver.startClient(FirefoxDriver.java:149)
                        	at org.openqa.selenium.remote.RemoteWebDriver.&lt;init&gt;(RemoteWebDriver.java:75)
                        	at org.openqa.selenium.firefox.FirefoxDriver.&lt;init&gt;(FirefoxDriver.java:128)
                        	at com.mckesson.base.TestBase.openBrowser(TestBase.java:100)
                        	at com.mckesson.suite.PrescriberRegistration.PrescriberRegistrationTest.testRegistration(PrescriberRegistrationTest.java:51)
                        	at sun.reflect.NativeMethodAccessorImpl.invoke0(Native Method)
                        	at sun.reflect.NativeMethodAccessorImpl.invoke(Unknown Source)
                        	at sun.reflect.DelegatingMethodAccessorImpl.invoke(Unknown Source)
                        	at java.lang.reflect.Method.invoke(Unknown Source)
                        	at org.testng.internal.MethodInvocationHelper.invokeMethod(MethodInvocationHelper.java:76)
                        	at org.testng.internal.Invoker.invokeMethod(Invoker.java:673)
                        	at org.testng.internal.Invoker.invokeTestMethod(Invoker.java:846)
                        	at org.testng.internal.Invoker.invokeTestMethods(Invoker.java:1170)
                        	at org.testng.internal.TestMethodWorker.invokeTestMethods(TestMethodWorker.java:125)
                        	at org.testng.internal.TestMethodWorker.run(TestMethodWorker.java:109)
                        	at org.testng.TestRunner.runWorkers(TestRunner.java:1147)
                        	at org.testng.TestRunner.privateRun(TestRunner.java:749)
                        	at org.testng.TestRunner.run(TestRunner.java:600)
                        	at org.testng.SuiteRunner.runTest(SuiteRunner.java:317)
                        	at org.testng.SuiteRunner.runSequentially(SuiteRunner.java:312)
                        	at org.testng.SuiteRunner.privateRun(SuiteRunner.java:274)
                        	at org.testng.SuiteRunner.run(SuiteRunner.java:223)
                        	at org.testng.SuiteRunnerWorker.runSuite(SuiteRunnerWorker.java:52)
                        	at org.testng.SuiteRunnerWorker.run(SuiteRunnerWorker.java:86)
                        	at org.testng.TestNG.runSuitesSequentially(TestNG.java:1039)
                        	at org.testng.TestNG.runSuitesSequentially(TestNG.java:1035)
                        	at org.testng.TestNG.runSuitesLocally(TestNG.java:964)
                        	at org.testng.TestNG.run(TestNG.java:900)
                        	at org.testng.TestNG.privateMain(TestNG.java:1182)
                        	at org.testng.TestNG.main(TestNG.java:1146)
                     </pre>
                  </div>
               </td>
            </tr>
            <tr id="com.mckesson.suite.PrescriberRegistration.PrescriberRegistrationTest_isElementPresent_byClass_FAIL4_row"
                class="testMethodStatusFAIL testMethodStatusCONF">
               <td width="100%" class="firstMethodCell">
                  <a onclick="toggleDetailsVisibility('com.mckesson.suite.PrescriberRegistration.PrescriberRegistrationTest_isElementPresent_byClass_FAIL4_details')">isElementPresent()</a>
               </td>
               <td nowrap="true">15:57:04</td>
               <td nowrap="true" align="right">0 ms
                  
               </td>
               <td nowrap="true">
                  <a onclick="toggleDetailsVisibility('com.mckesson.suite.PrescriberRegistration.PrescriberRegistrationTest_isElementPresent_byClass_FAIL4_exception')">org.testng.TestNGException: 
                     
                     Method isElementPresent requires 1 parameters but 0 were supplied in the @Configuration annotation.
                     
                  </a>
                   
                  
               </td>
            </tr>
            <tr>
               <td colspan="4" class="detailsBox">
                  <div id="com.mckesson.suite.PrescriberRegistration.PrescriberRegistrationTest_isElementPresent_byClass_FAIL4_details"
                       class="testMethodDetails">
                     <div>
                        <b>Name: </b>isElementPresent
                     </div>
                     <div>
                        <b>Signature: </b>isElementPresent(org.openqa.selenium.By)
                     </div>
                     <div>
                        <b>Start time: </b>15:57:04
                     </div>
                     <div>
                        <b>End time: </b>15:57:04
                     </div>
                     <div>
                        <b>Duration: </b>0 ms
                        
                     </div>
                  </div>
               </td>
            </tr>
            <tr>
               <td colspan="4" class="detailsBox">
                  <div id="com.mckesson.suite.PrescriberRegistration.PrescriberRegistrationTest_isElementPresent_byClass_FAIL4_exception"
                       class="testMethodDetails">
                     <pre style="padding: 5px; margin: 0;">org.testng.TestNGException: 
                        Method isElementPresent requires 1 parameters but 0 were supplied in the @Configuration annotation.
                        	at org.testng.internal.Parameters.checkParameterTypes(Parameters.java:187)
                        	at org.testng.internal.Parameters.createParameters(Parameters.java:123)
                        	at org.testng.internal.Parameters.createParameters(Parameters.java:357)
                        	at org.testng.internal.Parameters.createConfigurationParameters(Parameters.java:78)
                        	at org.testng.internal.Invoker.invokeConfigurations(Invoker.java:190)
                        	at org.testng.internal.Invoker.invokeMethod(Invoker.java:757)
                        	at org.testng.internal.Invoker.invokeTestMethod(Invoker.java:846)
                        	at org.testng.internal.Invoker.invokeTestMethods(Invoker.java:1170)
                        	at org.testng.internal.TestMethodWorker.invokeTestMethods(TestMethodWorker.java:125)
                        	at org.testng.internal.TestMethodWorker.run(TestMethodWorker.java:109)
                        	at org.testng.TestRunner.runWorkers(TestRunner.java:1147)
                        	at org.testng.TestRunner.privateRun(TestRunner.java:749)
                        	at org.testng.TestRunner.run(TestRunner.java:600)
                        	at org.testng.SuiteRunner.runTest(SuiteRunner.java:317)
                        	at org.testng.SuiteRunner.runSequentially(SuiteRunner.java:312)
                        	at org.testng.SuiteRunner.privateRun(SuiteRunner.java:274)
                        	at org.testng.SuiteRunner.run(SuiteRunner.java:223)
                        	at org.testng.SuiteRunnerWorker.runSuite(SuiteRunnerWorker.java:52)
                        	at org.testng.SuiteRunnerWorker.run(SuiteRunnerWorker.java:86)
                        	at org.testng.TestNG.runSuitesSequentially(TestNG.java:1039)
                        	at org.testng.TestNG.runSuitesSequentially(TestNG.java:1035)
                        	at org.testng.TestNG.runSuitesLocally(TestNG.java:964)
                        	at org.testng.TestNG.run(TestNG.java:900)
                        	at org.testng.TestNG.privateMain(TestNG.java:1182)
                        	at org.testng.TestNG.main(TestNG.java:1146)
                     </pre>
                  </div>
               </td>
            </tr>
            <tr id="com.mckesson.suite.PrescriberRegistration.PrescriberRegistrationTest_reportTestResult_byClass_SKIP5_row"
                class="testMethodStatusSKIP testMethodStatusCONF">
               <td width="100%" class="firstMethodCell">
                  <a onclick="toggleDetailsVisibility('com.mckesson.suite.PrescriberRegistration.PrescriberRegistrationTest_reportTestResult_byClass_SKIP5_details')">reportTestResult()</a>
               </td>
               <td nowrap="true">15:57:04</td>
               <td nowrap="true" align="right">0 ms
                  
               </td>
               <td nowrap="true">
                   
                  
               </td>
            </tr>
            <tr>
               <td colspan="4" class="detailsBox">
                  <div id="com.mckesson.suite.PrescriberRegistration.PrescriberRegistrationTest_reportTestResult_byClass_SKIP5_details"
                       class="testMethodDetails">
                     <div>
                        <b>Name: </b>reportTestResult
                     </div>
                     <div>
                        <b>Signature: </b>reportTestResult()
                     </div>
                     <div>
                        <b>Start time: </b>15:57:04
                     </div>
                     <div>
                        <b>End time: </b>15:57:04
                     </div>
                     <div>
                        <b>Duration: </b>0 ms
                        
                     </div>
                  </div>
               </td>
            </tr>
            <tr></tr>
            <tr id="com.mckesson.suite.PrescriberRegistration.PrescriberRegistrationTest_reportDataSetResult_byClass_SKIP6_row"
                class="testMethodStatusSKIP testMethodStatusCONF">
               <td width="100%" class="firstMethodCell">
                  <a onclick="toggleDetailsVisibility('com.mckesson.suite.PrescriberRegistration.PrescriberRegistrationTest_reportDataSetResult_byClass_SKIP6_details')">reportDataSetResult()</a>
               </td>
               <td nowrap="true">15:57:04</td>
               <td nowrap="true" align="right">0 ms
                  
               </td>
               <td nowrap="true">
                   
                  
               </td>
            </tr>
            <tr>
               <td colspan="4" class="detailsBox">
                  <div id="com.mckesson.suite.PrescriberRegistration.PrescriberRegistrationTest_reportDataSetResult_byClass_SKIP6_details"
                       class="testMethodDetails">
                     <div>
                        <b>Name: </b>reportDataSetResult
                     </div>
                     <div>
                        <b>Signature: </b>reportDataSetResult()
                     </div>
                     <div>
                        <b>Start time: </b>15:57:04
                     </div>
                     <div>
                        <b>End time: </b>15:57:04
                     </div>
                     <div>
                        <b>Duration: </b>0 ms
                        
                     </div>
                  </div>
               </td>
            </tr>
            <tr></tr>
         </table>
         <br></br>
      </div>
      <div style="margin-top: 15px; color: gray; text-align: center; font-size: 9px;">
         Generated with
         
         <a href="http://code.google.com/p/testng-xslt/" style="color: #8888aa;"
            target="_blank">
            TestNG XSLT
            
         </a>
      </div>
   </body>
</html>